2022-12-18 22:33:53,404 - __main__ - INFO - Token value: Token not available!
2022-12-18 22:33:54,995 - __main__ - INFO - Weather in Addis Ababa: 12.49
2022-12-19 00:51:23,684 - __main__ - INFO - Token value: 5773065292
2022-12-19 00:51:24,167 - __main__ - INFO - Weather in Addis Ababa: 9.61
2022-12-20 21:11:45,584 - __main__ - INFO - Token value: 5773065292
2022-12-20 21:11:45,751 - __main__ - INFO - Weather in Addis Ababa: 12.49
2022-12-21 09:12:59,668 - __main__ - INFO - Token value: 5773065292
2022-12-21 09:13:00,351 - __main__ - INFO - Weather in Addis Ababa: 20.25
2022-12-21 21:11:48,143 - __main__ - INFO - Token value: 5773065292
2022-12-21 21:11:48,871 - __main__ - INFO - Weather in Addis Ababa: 13.49
2022-12-22 09:12:38,267 - __main__ - INFO - Token value: 5773065292
2022-12-22 09:12:38,429 - __main__ - INFO - Weather in Addis Ababa: 20.49
2022-12-22 21:11:35,793 - __main__ - INFO - Token value: 5773065292
2022-12-22 21:11:36,156 - __main__ - INFO - Weather in Addis Ababa: 13.78
2022-12-23 09:12:34,650 - __main__ - INFO - Token value: 5773065292
2022-12-23 09:12:35,288 - __main__ - INFO - Weather in Addis Ababa: 20.97
2022-12-24 13:24:41,050 - __main__ - INFO - Token value: Token not available!
2022-12-24 13:26:30,810 - __main__ - INFO - Token value: Token not available!
2022-12-24 13:26:31,587 - __main__ - INFO - Weather in Addis Ababa: 20.49,1025,46
2022-12-24 13:30:14,643 - __main__ - INFO - Token value: Token not available!
2022-12-24 13:30:15,438 - __main__ - INFO - Weather in Addis Ababa: 21.3, 1013, 38
2022-12-24 13:37:45,388 - __main__ - INFO - Token value: Token not available!
2022-12-24 13:37:46,313 - __main__ - INFO - Weather in Addis Ababa: 20.49, 1025, 46
2022-12-24 12:07:06,408 - __main__ - INFO - Token value: 95478615479
2022-12-24 12:07:06,751 - __main__ - INFO - Weather in Addis Ababa: 23.49, 1024, 38
2022-12-24 13:08:04,973 - __main__ - INFO - Token value: 95478615479
2022-12-24 13:08:05,271 - __main__ - INFO - Weather in Addis Ababa: 21.01, 1011, 37
2022-12-24 14:00:38,537 - __main__ - INFO - Token value: 95478615479
2022-12-24 14:00:38,909 - __main__ - INFO - Weather in Addis Ababa: 21.01, 1011, 37
2022-12-24 15:00:41,443 - __main__ - INFO - Token value: 95478615479
2022-12-24 15:00:41,751 - __main__ - INFO - Weather in Addis Ababa: 17.62, 1014, 52
2022-12-24 16:02:12,675 - __main__ - INFO - Token value: 95478615479
2022-12-24 16:02:13,148 - __main__ - INFO - Weather in Addis Ababa: 17.49, 1025, 52
2022-12-24 17:00:40,549 - __main__ - INFO - Token value: 95478615479
2022-12-24 17:00:41,389 - __main__ - INFO - Weather in Addis Ababa: 16.49, 1026, 59
2022-12-24 18:01:16,104 - __main__ - INFO - Token value: 95478615479
2022-12-24 18:01:16,472 - __main__ - INFO - Weather in Addis Ababa: 15.49, 1027, 63
2022-12-24 19:01:01,311 - __main__ - INFO - Token value: 95478615479
2022-12-24 19:01:01,918 - __main__ - INFO - Weather in Addis Ababa: 15.49, 1027, 63
2022-12-24 20:01:17,732 - __main__ - INFO - Token value: 95478615479
2022-12-24 20:01:19,497 - __main__ - INFO - Weather in Addis Ababa: 12.29, 1019, 84
2022-12-24 21:00:32,565 - __main__ - INFO - Token value: 95478615479
2022-12-24 21:00:33,632 - __main__ - INFO - Weather in Addis Ababa: 11.88, 1019, 86
2022-12-24 22:00:56,398 - __main__ - INFO - Token value: 95478615479
2022-12-24 22:00:56,687 - __main__ - INFO - Weather in Addis Ababa: 12.49, 1027, 76
2022-12-24 23:00:56,510 - __main__ - INFO - Token value: 95478615479
2022-12-24 23:00:57,047 - __main__ - INFO - Weather in Addis Ababa: 11.49, 1027, 82
2022-12-25 00:28:27,571 - __main__ - INFO - Token value: 95478615479
2022-12-25 00:28:29,378 - __main__ - INFO - Weather in Addis Ababa: 11.39, 1018, 85
2022-12-25 02:06:40,830 - __main__ - INFO - Token value: 95478615479
2022-12-25 02:06:41,280 - __main__ - INFO - Weather in Addis Ababa: 11.2, 1018, 83
2022-12-25 03:01:08,930 - __main__ - INFO - Token value: 95478615479
2022-12-25 03:01:09,035 - __main__ - INFO - Weather in Addis Ababa: 11.2, 1018, 83
